  Qid,  Time,  Sent,  Recv,  Over,  Wait,  P_blk,   Arrv,   Serv,  Epblk,  Earrv,  Eserv
    0, 1.000000,    14,    14,     0,     0, 0.0000, 14.0000, 14.0000,    nan,    nan,    nan
    1, 1.000000,    14,    13,     0,     0, 0.0000, 14.0000, 13.0000,    nan,    nan,    nan
    0, 2.000000,    31,    29,     0,     0, 0.0000, 15.5000, 14.5000,    nan, 0.0000, -0.5000
    1, 2.000000,    31,    24,     0,     0, 0.0000, 15.5000, 12.0000,    nan, 0.0000, -0.5000
    0, 3.000000,    52,    40,     0,     0, 0.0000, 17.3333, 13.3333,    nan, -0.3333, -0.3333
    1, 3.000000,    52,    38,     0,     0, 0.0000, 17.3333, 12.6667,    nan, -0.3333, -0.3333
    0, 4.000000,    76,    54,     0,     0, 0.0000, 19.0000, 13.5000,    nan, 0.0000, -0.2500
    1, 4.000000,    76,    50,     0,     0, 0.0000, 19.0000, 12.5000,    nan, 0.0000, 0.0000
    0, 5.000000,    90,    64,     0,     0, 0.0000, 18.0000, 12.8000,    nan, 0.0000, -0.2000
    1, 5.000000,    91,    59,     0,     0, 0.0000, 18.2000, 11.8000,    nan, 0.0000, 0.0000
    0, 6.000000,   118,    71,     0,     0, 0.0000, 19.6667, 11.8333,    nan, -0.1667, -0.1667
    1, 6.000000,   118,    70,     0,     0, 0.0000, 19.6667, 11.6667,    nan, -0.1667, -0.1667
    0, 7.000000,   141,    80,     0,     0, 0.0000, 20.1429, 11.4286,    nan, 0.0000, -0.1429
    1, 7.000000,   141,    79,     0,     0, 0.0000, 20.1429, 11.2857,    nan, 0.0000, -0.1429
    0, 8.000000,   162,    91,     0,     0, 0.0000, 20.2500, 11.3750,    nan, 0.0000, 0.0000
    1, 8.000000,   162,    86,     0,     0, 0.0000, 20.2500, 10.7500,    nan, 0.0000, -0.1250
    0, 9.000000,   178,    98,     0,     0, 0.0000, 19.7778, 10.8889,    nan, 0.0000, -0.1111
    1, 9.000000,   178,    98,     0,     0, 0.0000, 19.7778, 10.8889,    nan, 0.0000, 0.0000
    0, 10.000000,   195,   104,     0,     0, 0.0000, 19.5000, 10.4000,    nan, 0.0000, 0.0000
    1, 10.000000,   195,   109,     0,     0, 0.0000, 19.5000, 10.9000,    nan, 0.0000, 0.0000
    0, 11.000000,   220,   115,     0,     0, 0.0000, 20.0000, 10.4545,    nan, 0.0000, 0.0000
    1, 11.000000,   220,   118,     0,     0, 0.0000, 20.0000, 10.7273,    nan, 0.0000, 0.0000
    0, 12.000000,   240,   123,     0,     0, 0.0000, 20.0000, 10.2500,    nan, 0.0000, 0.0000
    1, 12.000000,   240,   134,     0,     0, 0.0000, 20.0000, 11.1667,    nan, 0.0000, -0.0833
    0, 13.000000,   264,   137,     0,     0, 0.0000, 20.3077, 10.5385,    nan, 0.0000, 0.0000
    1, 13.000000,   264,   147,     0,     0, 0.0000, 20.3077, 11.3077,    nan, 0.0000, 0.0000
    0, 14.000000,   294,   149,     0,     0, 0.0000, 21.0000, 10.6429,    nan, 0.0000, 0.0000
    1, 14.000000,   294,   165,     0,     0, 0.0000, 21.0000, 11.7857,    nan, 0.0000, 0.0000
    0, 15.000000,   314,   162,     0,     0, 0.0000, 20.9333, 10.8000,    nan, 0.0000, 0.0000
    1, 15.000000,   314,   171,     0,     0, 0.0000, 20.9333, 11.4000,    nan, 0.0000, -0.0667
    0, 16.000000,   334,   172,     0,     0, 0.0000, 20.8750, 10.7500,    nan, 0.0000, 0.0000
    1, 16.000000,   334,   184,     0,     0, 0.0000, 20.8750, 11.5000,    nan, 0.0000, 0.0000
    0, 17.000000,   348,   184,     0,     0, 0.0000, 20.4706, 10.8235,    nan, 0.0000, 0.0000
    1, 17.000000,   348,   194,     0,     0, 0.0000, 20.4706, 11.4118,    nan, 0.0000, 0.0000
    0, 18.000000,   369,   193,     0,     0, 0.0000, 20.5000, 10.7222,    nan, 0.0000, 0.0000
    1, 18.000000,   369,   205,     0,     0, 0.0000, 20.5000, 11.3889,    nan, 0.0000, 0.0000
    0, 19.000000,   388,   197,     0,     0, 0.0000, 20.4211, 10.3684,    nan, 0.0000, -0.0526
    1, 19.000000,   388,   214,     0,     0, 0.0000, 20.4211, 11.2632,    nan, 0.0000, -0.0526
    0, 20.000000,   409,   212,     0,     0, 0.0000, 20.4500, 10.6000,    nan, 0.0000, 0.0000
    1, 20.000000,   409,   223,     0,     0, 0.0000, 20.4500, 11.1500,    nan, 0.0000, 0.0000
  Qid,  Time,  Sent,  Recv,  Over,  Wait,  P_blk,   Arrv,   Serv,  Epblk,  Earrv,  Eserv
    0, 21.000000,   435,   221,     0,     0, 0.0000, 20.7143, 10.5238,    nan, 0.0000, 0.0000
    1, 21.000000,   435,   236,     0,     0, 0.0000, 20.7143, 11.2381,    nan, 0.0000, 0.0000
    0, 22.000000,   454,   230,     0,     0, 0.0000, 20.6364, 10.4545,    nan, 0.0000, 0.0000
    1, 22.000000,   454,   238,     0,     0, 0.0000, 20.6364, 10.8182,    nan, 0.0000, -0.0455
    0, 23.000000,   472,   241,     0,     0, 0.0000, 20.5217, 10.4783,    nan, 0.0000, 0.0000
    1, 23.000000,   473,   250,     0,     0, 0.0000, 20.5652, 10.8696,    nan, 0.0000, 0.0000
    0, 24.000000,   497,   248,     0,     0, 0.0000, 20.7083, 10.3333,    nan, 0.0000, 0.0000
    1, 24.000000,   497,   259,     0,     0, 0.0000, 20.7083, 10.7917,    nan, 0.0000, 0.0000
    0, 25.000000,   512,   262,     0,     0, 0.0000, 20.4800, 10.4800,    nan, 0.0000, 0.0000
    1, 25.000000,   512,   266,     0,     0, 0.0000, 20.4800, 10.6400,    nan, 0.0000, 0.0000
    0, 26.000000,   532,   278,     0,     0, 0.0000, 20.4615, 10.6923,    nan, 0.0000, 0.0000
    1, 26.000000,   532,   279,     0,     0, 0.0000, 20.4615, 10.7308,    nan, 0.0000, 0.0000
    0, 27.000000,   557,   289,     0,     0, 0.0000, 20.6296, 10.7037,    nan, 0.0000, 0.0000
    1, 27.000000,   557,   292,     0,     0, 0.0000, 20.6296, 10.8148,    nan, 0.0000, 0.0000
    0, 28.000000,   581,   307,     0,     0, 0.0000, 20.7500, 10.9643,    nan, 0.0000, 0.0000
    1, 28.000000,   581,   304,     0,     0, 0.0000, 20.7500, 10.8571,    nan, 0.0000, 0.0000
    0, 29.000000,   598,   317,     0,     0, 0.0000, 20.6207, 10.9310,    nan, 0.0000, 0.0000
    1, 29.000000,   598,   312,     0,     0, 0.0000, 20.6207, 10.7586,    nan, 0.0000, 0.0000
    0, 30.000000,   612,   337,     0,     0, 0.0000, 20.4000, 11.2333,    nan, 0.0000, 0.0000
    1, 30.000000,   613,   321,     0,     0, 0.0000, 20.4333, 10.7000,    nan, 0.0000, 0.0000
    0, 31.000000,   635,   350,     0,     0, 0.0000, 20.4839, 11.2903,    nan, 0.0000, 0.0000
    1, 31.000000,   635,   336,     0,     0, 0.0000, 20.4839, 10.8387,    nan, 0.0000, 0.0000
    0, 32.000000,   649,   360,     0,     0, 0.0000, 20.2812, 11.2500,    nan, 0.0000, 0.0000
    1, 32.000000,   649,   350,     0,     0, 0.0000, 20.2812, 10.9375,    nan, 0.0000, 0.0000
    0, 33.000000,   664,   374,     0,     0, 0.0000, 20.1212, 11.3333,    nan, 0.0000, 0.0000
    1, 33.000000,   664,   356,     0,     0, 0.0000, 20.1212, 10.7879,    nan, 0.0000, 0.0000
    0, 34.000000,   682,   384,     0,     0, 0.0000, 20.0588, 11.2941,    nan, 0.0000, 0.0000
    1, 34.000000,   682,   365,     0,     0, 0.0000, 20.0588, 10.7353,    nan, 0.0000, 0.0000
    0, 35.000000,   701,   391,     0,     0, 0.0000, 20.0286, 11.1714,    nan, 0.0000, 0.0000
    1, 35.000000,   701,   377,     0,     0, 0.0000, 20.0286, 10.7714,    nan, 0.0000, 0.0000
    0, 36.000000,   724,   403,     0,     0, 0.0000, 20.1111, 11.1944,    nan, 0.0000, 0.0000
    1, 36.000000,   724,   393,     0,     0, 0.0000, 20.1111, 10.9167,    nan, 0.0000, 0.0000
    0, 37.000000,   739,   419,     0,     0, 0.0000, 19.9730, 11.3243,    nan, 0.0000, 0.0000
    1, 37.000000,   739,   403,     0,     0, 0.0000, 19.9730, 10.8919,    nan, 0.0000, 0.0000
    0, 38.000000,   758,   429,     0,     0, 0.0000, 19.9474, 11.2895,    nan, 0.0000, 0.0000
    1, 38.000000,   758,   409,     0,     0, 0.0000, 19.9474, 10.7632,    nan, 0.0000, 0.0000
    0, 39.000000,   775,   438,     0,     0, 0.0000, 19.8718, 11.2308,    nan, 0.0000, 0.0000
    1, 39.000000,   775,   422,     0,     0, 0.0000, 19.8718, 10.8205,    nan, 0.0000, 0.0000
    0, 40.000000,   787,   445,     0,     0, 0.0000, 19.6750, 11.1250,    nan, 0.0000, 0.0000
    1, 40.000000,   787,   434,     0,     0, 0.0000, 19.6750, 10.8500,    nan, 0.0000, 0.0000
  Qid,  Time,  Sent,  Recv,  Over,  Wait,  P_blk,   Arrv,   Serv,  Epblk,  Earrv,  Eserv
    0, 41.000000,   804,   451,     0,     0, 0.0000, 19.6098, 11.0000,    nan, 0.0000, 0.0000
    1, 41.000000,   804,   441,     0,     0, 0.0000, 19.6098, 10.7561,    nan, 0.0000, 0.0000
    0, 42.000000,   817,   458,     0,     0, 0.0000, 19.4524, 10.9048,    nan, 0.0000, 0.0000
    1, 42.000000,   817,   449,     0,     0, 0.0000, 19.4524, 10.6905,    nan, 0.0000, 0.0000
    0, 43.000000,   850,   464,     0,     0, 0.0000, 19.7674, 10.7907,    nan, 0.0000, 0.0000
    1, 43.000000,   850,   461,     0,     0, 0.0000, 19.7674, 10.7209,    nan, 0.0000, 0.0000
    0, 44.000000,   867,   474,     0,     0, 0.0000, 19.7045, 10.7727,    nan, 0.0000, 0.0000
    1, 44.000000,   868,   473,     0,     0, 0.0000, 19.7273, 10.7500,    nan, 0.0000, 0.0000
    0, 45.000000,   893,   482,     0,     0, 0.0000, 19.8444, 10.7111,    nan, 0.0000, 0.0000
    1, 45.000000,   893,   486,     0,     0, 0.0000, 19.8444, 10.8000,    nan, 0.0000, 0.0000
    0, 46.000000,   908,   489,     0,     0, 0.0000, 19.7391, 10.6304,    nan, 0.0000, 0.0000
    1, 46.000000,   908,   494,     0,     0, 0.0000, 19.7391, 10.7391,    nan, 0.0000, 0.0000
    0, 47.000000,   930,   498,     0,     0, 0.0000, 19.7872, 10.5957,    nan, 0.0000, 0.0000
    1, 47.000000,   930,   507,     0,     0, 0.0000, 19.7872, 10.7872,    nan, 0.0000, 0.0000
    0, 48.000000,   946,   507,     0,     0, 0.0000, 19.7083, 10.5625,    nan, 0.0000, 0.0000
    1, 48.000000,   947,   521,     0,     0, 0.0000, 19.7292, 10.8542,    nan, 0.0000, 0.0000
    0, 49.000000,   960,   520,     0,     0, 0.0000, 19.5918, 10.6122,    nan, 0.0000, 0.0000
    1, 49.000000,   960,   531,     0,     0, 0.0000, 19.5918, 10.8367,    nan, 0.0000, 0.0000
    0, 50.000000,   990,   528,     0,     0, 0.0000, 19.8000, 10.5600,    nan, 0.0000, 0.0000
    1, 50.000000,   990,   542,     0,     0, 0.0000, 19.8000, 10.8400,    nan, 0.0000, 0.0000
    0, 51.000000,  1011,   538,     0,     0, 0.0000, 19.8235, 10.5490,    nan, 0.0000, 0.0000
    1, 51.000000,  1011,   558,     0,     0, 0.0000, 19.8235, 10.9412,    nan, 0.0000, 0.0000
    0, 52.000000,  1037,   551,     0,     0, 0.0000, 19.9423, 10.5962,    nan, 0.0000, 0.0000
    1, 52.000000,  1037,   571,     0,     0, 0.0000, 19.9423, 10.9808,    nan, 0.0000, 0.0000
    0, 53.000000,  1056,   557,     0,     0, 0.0000, 19.9245, 10.5094,    nan, 0.0000, 0.0000
    1, 53.000000,  1056,   580,     0,     0, 0.0000, 19.9245, 10.9434,    nan, 0.0000, 0.0000
    0, 54.000000,  1072,   566,     0,     0, 0.0000, 19.8519, 10.4815,    nan, 0.0000, 0.0000
    1, 54.000000,  1072,   593,     0,     0, 0.0000, 19.8519, 10.9815,    nan, 0.0000, 0.0000
    0, 55.000000,  1092,   574,     0,     0, 0.0000, 19.8545, 10.4364,    nan, 0.0000, 0.0000
    1, 55.000000,  1092,   604,     0,     0, 0.0000, 19.8545, 10.9818,    nan, 0.0000, 0.0000
    0, 56.000000,  1104,   581,     0,     0, 0.0000, 19.7143, 10.3750,    nan, 0.0000, 0.0000
    1, 56.000000,  1104,   613,     0,     0, 0.0000, 19.7143, 10.9464,    nan, 0.0000, 0.0000
    0, 57.000000,  1122,   598,     0,     0, 0.0000, 19.6842, 10.4912,    nan, 0.0000, 0.0000
    1, 57.000000,  1122,   620,     0,     0, 0.0000, 19.6842, 10.8772,    nan, 0.0000, 0.0000
    0, 58.000000,  1141,   608,     0,     0, 0.0000, 19.6724, 10.4828,    nan, 0.0000, 0.0000
    1, 58.000000,  1141,   626,     0,     0, 0.0000, 19.6724, 10.7931,    nan, 0.0000, 0.0000
    0, 59.000000,  1161,   616,     0,     0, 0.0000, 19.6780, 10.4407,    nan, 0.0000, 0.0000
    1, 59.000000,  1161,   636,     0,     0, 0.0000, 19.6780, 10.7797,    nan, 0.0000, 0.0000
    0, 60.000000,  1181,   624,     0,     0, 0.0000, 19.6833, 10.4000,    nan, 0.0000, 0.0000
    1, 60.000000,  1181,   646,     0,     0, 0.0000, 19.6833, 10.7667,    nan, 0.0000, 0.0000
  Qid,  Time,  Sent,  Recv,  Over,  Wait,  P_blk,   Arrv,   Serv,  Epblk,  Earrv,  Eserv
    0, 61.000000,  1196,   634,     0,     0, 0.0000, 19.6066, 10.3934,    nan, 0.0000, 0.0000
    1, 61.000000,  1196,   654,     0,     0, 0.0000, 19.6066, 10.7213,    nan, 0.0000, 0.0000
    0, 62.000000,  1208,   644,     0,     0, 0.0000, 19.4839, 10.3871,    nan, 0.0000, 0.0000
    1, 62.000000,  1208,   671,     0,     0, 0.0000, 19.4839, 10.8226,    nan, 0.0000, 0.0000
    0, 63.000000,  1227,   657,     0,     0, 0.0000, 19.4762, 10.4286,    nan, 0.0000, 0.0000
    1, 63.000000,  1227,   689,     0,     0, 0.0000, 19.4762, 10.9365,    nan, 0.0000, 0.0000
    0, 64.000000,  1239,   668,     0,     0, 0.0000, 19.3594, 10.4375,    nan, 0.0000, 0.0000
    1, 64.000000,  1239,   698,     0,     0, 0.0000, 19.3594, 10.9062,    nan, 0.0000, 0.0000
    0, 65.000000,  1259,   681,     0,     0, 0.0000, 19.3692, 10.4769,    nan, 0.0000, 0.0000
    1, 65.000000,  1259,   717,     0,     0, 0.0000, 19.3692, 11.0308,    nan, 0.0000, 0.0000
    0, 67.000000,  1283,   688,     0,     0, 0.0000, 19.1493, 10.2687,    nan, -0.0149, -0.0149
    1, 67.000000,  1283,   726,     0,     0, 0.0000, 19.1493, 10.8358,    nan, -0.0149, -0.0149
    0, 68.000000,  1315,   703,     0,     0, 0.0000, 19.3382, 10.3382,    nan, -0.0147, -0.0147
    1, 68.000000,  1315,   743,     0,     0, 0.0000, 19.3382, 10.9265,    nan, -0.0147, 0.0000
    0, 69.000000,  1337,   721,     0,     0, 0.0000, 19.3768, 10.4493,    nan, 0.0000, -0.0145
    1, 69.000000,  1337,   748,     0,     0, 0.0000, 19.3768, 10.8406,    nan, 0.0000, -0.0145
    0, 70.000000,  1356,   733,     0,     0, 0.0000, 19.3714, 10.4714,    nan, -0.0143, -0.0143
    1, 70.000000,  1356,   761,     0,     0, 0.0000, 19.3714, 10.8714,    nan, -0.0143, -0.0143
    0, 71.000000,  1381,   741,     0,     0, 0.0000, 19.4507, 10.4366,    nan, 0.0000, -0.0141
    1, 71.000000,  1381,   767,     0,     0, 0.0000, 19.4507, 10.8028,    nan, 0.0000, 0.0000
    0, 72.000000,  1402,   753,     0,     0, 0.0000, 19.4722, 10.4583,    nan, -0.0139, 0.0000
    1, 72.000000,  1402,   778,     0,     0, 0.0000, 19.4722, 10.8056,    nan, -0.0139, 0.0000
    0, 73.000000,  1420,   761,     0,     0, 0.0000, 19.4521, 10.4247,    nan, 0.0000, 0.0000
    1, 73.000000,  1420,   786,     0,     0, 0.0000, 19.4521, 10.7671,    nan, 0.0000, -0.0137
    0, 74.000000,  1443,   771,     0,     0, 0.0000, 19.5000, 10.4189,    nan, 0.0000, -0.0135
    1, 74.000000,  1443,   801,     0,     0, 0.0000, 19.5000, 10.8243,    nan, 0.0000, -0.0135
    0, 75.000000,  1456,   783,     0,     0, 0.0000, 19.4133, 10.4400,    nan, 0.0000, -0.0133
    1, 75.000000,  1456,   811,     0,     0, 0.0000, 19.4133, 10.8133,    nan, 0.0000, 0.0000
    0, 76.000000,  1475,   793,     0,     0, 0.0000, 19.4079, 10.4342,    nan, 0.0000, 0.0000
    1, 76.000000,  1475,   820,     0,     0, 0.0000, 19.4079, 10.7895,    nan, 0.0000, -0.0132
    0, 77.000000,  1489,   808,     0,     0, 0.0000, 19.3377, 10.4935,    nan, 0.0000, 0.0000
    1, 77.000000,  1489,   829,     0,     0, 0.0000, 19.3377, 10.7662,    nan, 0.0000, 0.0000
    0, 78.000000,  1512,   822,     0,     0, 0.0000, 19.3846, 10.5385,    nan, 0.0000, 0.0000
    1, 78.000000,  1512,   844,     0,     0, 0.0000, 19.3846, 10.8205,    nan, 0.0000, 0.0000
    0, 79.000000,  1521,   832,     0,     0, 0.0000, 19.2532, 10.5316,    nan, 0.0000, -0.0127
    1, 79.000000,  1522,   855,     0,     0, 0.0000, 19.2658, 10.8228,    nan, 0.0000, 0.0000
    0, 80.000000,  1537,   850,     0,     0, 0.0000, 19.2125, 10.6250,    nan, 0.0000, 0.0000
    1, 80.000000,  1537,   864,     0,     0, 0.0000, 19.2125, 10.8000,    nan, 0.0000, 0.0000
    0, 81.000000,  1558,   866,     0,     0, 0.0000, 19.2346, 10.6914,    nan, 0.0000, 0.0000
    1, 81.000000,  1559,   871,     0,     0, 0.0000, 19.2469, 10.7531,    nan, 0.0000, -0.0123
  Qid,  Time,  Sent,  Recv,  Over,  Wait,  P_blk,   Arrv,   Serv,  Epblk,  Earrv,  Eserv
    0, 82.000000,  1575,   874,     0,     0, 0.0000, 19.2073, 10.6585,    nan, 0.0000, 0.0000
    1, 82.000000,  1575,   880,     0,     0, 0.0000, 19.2073, 10.7317,    nan, 0.0000, 0.0000
    0, 83.000000,  1599,   885,     0,     0, 0.0000, 19.2651, 10.6627,    nan, 0.0000, 0.0000
    1, 83.000000,  1600,   897,     0,     0, 0.0000, 19.2771, 10.8072,    nan, 0.0000, 0.0000
    0, 84.000000,  1617,   897,     0,     0, 0.0000, 19.2500, 10.6786,    nan, 0.0000, -0.0119
    1, 84.000000,  1618,   911,     0,     0, 0.0000, 19.2619, 10.8452,    nan, 0.0000, 0.0000
    0, 85.000000,  1636,   907,     0,     0, 0.0000, 19.2471, 10.6706,    nan, 0.0000, 0.0000
    1, 85.000000,  1637,   919,     0,     0, 0.0000, 19.2588, 10.8118,    nan, 0.0000, 0.0000
    0, 86.000000,  1650,   919,     0,     0, 0.0000, 19.1860, 10.6860,    nan, 0.0000, 0.0000
    1, 86.000000,  1650,   931,     0,     0, 0.0000, 19.1860, 10.8256,    nan, 0.0000, 0.0000
    0, 87.000000,  1668,   928,     0,     0, 0.0000, 19.1724, 10.6667,    nan, 0.0000, 0.0000
    1, 87.000000,  1668,   936,     0,     0, 0.0000, 19.1724, 10.7586,    nan, 0.0000, 0.0000
    0, 88.000000,  1696,   941,     0,     0, 0.0000, 19.2727, 10.6932,    nan, 0.0000, 0.0000
    1, 88.000000,  1696,   943,     0,     0, 0.0000, 19.2727, 10.7159,    nan, 0.0000, 0.0000
    0, 89.000000,  1719,   956,     0,     0, 0.0000, 19.3146, 10.7416,    nan, 0.0000, 0.0000
    1, 89.000000,  1719,   948,     0,     0, 0.0000, 19.3146, 10.6517,    nan, 0.0000, 0.0000
    0, 90.000000,  1736,   966,     0,     0, 0.0000, 19.2889, 10.7333,    nan, 0.0000, 0.0000
    1, 90.000000,  1736,   955,     0,     0, 0.0000, 19.2889, 10.6111,    nan, 0.0000, 0.0000
    0, 91.000000,  1753,   976,     0,     0, 0.0000, 19.2637, 10.7253,    nan, 0.0000, 0.0000
    1, 91.000000,  1753,   964,     0,     0, 0.0000, 19.2637, 10.5934,    nan, 0.0000, 0.0000
    0, 92.000000,  1765,   987,     0,     0, 0.0000, 19.1848, 10.7283,    nan, 0.0000, 0.0000
    1, 92.000000,  1765,   972,     0,     0, 0.0000, 19.1848, 10.5652,    nan, 0.0000, 0.0000
    0, 93.000000,  1783,  1000,     0,     0, 0.0000, 19.1720, 10.7527,    nan, 0.0000, 0.0000
    1, 93.000000,  1783,   982,     0,     0, 0.0000, 19.1720, 10.5591,    nan, 0.0000, 0.0000
    0, 94.000000,  1807,  1008,     0,     0, 0.0000, 19.2234, 10.7234,    nan, 0.0000, 0.0000
    1, 94.000000,  1807,   992,     0,     0, 0.0000, 19.2234, 10.5532,    nan, 0.0000, 0.0000
